<?xml version="1.0" encoding="UTF-8"?>
<!-- Generated by org.testng.reporters.JUnitXMLReporter -->
<testsuite ignored="31" hostname="DESKTOP-AJNVIH5" failures="1" tests="1" name="Default test" time="45.025" errors="0" timestamp="2024-03-19T17:46:55 IST">
  <testcase classname="org.doocti.AdminTestCase.ConfigurationTest" name="configTC038" time="31.018">
    <failure type="org.openqa.selenium.NoSuchElementException" message="no such element: Unable to locate element: {&amp;quot;method&amp;quot;:&amp;quot;xpath&amp;quot;,&amp;quot;selector&amp;quot;:&amp;quot;(//div[text()=&amp;apos;Inactive&amp;apos;])[3]&amp;quot;}
  (Session info: chrome=122.0.6261.129)
For documentation on this error, please visit: https://www.selenium.dev/documentation/webdriver/troubleshooting/errors#no-such-element-exception
Build info: version: &amp;apos;4.16.1&amp;apos;, revision: &amp;apos;9b4c83354e&amp;apos;
System info: os.name: &amp;apos;Windows 10&amp;apos;, os.arch: &amp;apos;amd64&amp;apos;, os.version: &amp;apos;10.0&amp;apos;, java.version: &amp;apos;17.0.8.1&amp;apos;
Driver info: org.openqa.selenium.chrome.ChromeDriver
Command: [3ab4362856533e0b70b004168d562a2a, findElement {using=xpath, value=(//div[text()=&amp;apos;Inactive&amp;apos;])[3]}]
Capabilities {acceptInsecureCerts: false, browserName: chrome, browserVersion: 122.0.6261.129, chrome: {chromedriverVersion: 122.0.6261.128 (f18a44fedeb..., userDataDir: C:\Users\User\AppData\Local...}, fedcm:accounts: true, goog:chromeOptions: {debuggerAddress: localhost:51886}, networkConnectionEnabled: false, pageLoadStrategy: normal, platformName: windows, proxy: Proxy(), se:cdp: ws://localhost:51886/devtoo..., se:cdpVersion: 122.0.6261.129, setWindowRect: true, strictFileInteractability: false, timeouts: {implicit: 0, pageLoad: 300000, script: 30000}, unhandledPromptBehavior: dismiss and notify, webauthn:extension:credBlob: true, webauthn:extension:largeBlob: true, webauthn:extension:minPinLength: true, webauthn:extension:prf: true, webauthn:virtualAuthenticators: true}
Session ID: 3ab4362856533e0b70b004168d562a2a">
      <![CDATA[org.openqa.selenium.NoSuchElementException: no such element: Unable to locate element: {"method":"xpath","selector":"(//div[text()='Inactive'])[3]"}
  (Session info: chrome=122.0.6261.129)
For documentation on this error, please visit: https://www.selenium.dev/documentation/webdriver/troubleshooting/errors#no-such-element-exception
Build info: version: '4.16.1', revision: '9b4c83354e'
System info: os.name: 'Windows 10', os.arch: 'amd64', os.version: '10.0', java.version: '17.0.8.1'
Driver info: org.openqa.selenium.chrome.ChromeDriver
Command: [3ab4362856533e0b70b004168d562a2a, findElement {using=xpath, value=(//div[text()='Inactive'])[3]}]
Capabilities {acceptInsecureCerts: false, browserName: chrome, browserVersion: 122.0.6261.129, chrome: {chromedriverVersion: 122.0.6261.128 (f18a44fedeb..., userDataDir: C:\Users\User\AppData\Local...}, fedcm:accounts: true, goog:chromeOptions: {debuggerAddress: localhost:51886}, networkConnectionEnabled: false, pageLoadStrategy: normal, platformName: windows, proxy: Proxy(), se:cdp: ws://localhost:51886/devtoo..., se:cdpVersion: 122.0.6261.129, setWindowRect: true, strictFileInteractability: false, timeouts: {implicit: 0, pageLoad: 300000, script: 30000}, unhandledPromptBehavior: dismiss and notify, webauthn:extension:credBlob: true, webauthn:extension:largeBlob: true, webauthn:extension:minPinLength: true, webauthn:extension:prf: true, webauthn:virtualAuthenticators: true}
Session ID: 3ab4362856533e0b70b004168d562a2a
at java.base/jdk.internal.reflect.NativeConstructorAccessorImpl.newInstance0(Native Method)
at java.base/jdk.internal.reflect.NativeConstructorAccessorImpl.newInstance(NativeConstructorAccessorImpl.java:77)
at java.base/jdk.internal.reflect.DelegatingConstructorAccessorImpl.newInstance(DelegatingConstructorAccessorImpl.java:45)
at java.base/java.lang.reflect.Constructor.newInstanceWithCaller(Constructor.java:499)
at java.base/java.lang.reflect.Constructor.newInstance(Constructor.java:480)
at org.openqa.selenium.remote.codec.w3c.W3CHttpResponseCodec.createException(W3CHttpResponseCodec.java:200)
at org.openqa.selenium.remote.codec.w3c.W3CHttpResponseCodec.decode(W3CHttpResponseCodec.java:133)
at org.openqa.selenium.remote.codec.w3c.W3CHttpResponseCodec.decode(W3CHttpResponseCodec.java:52)
at org.openqa.selenium.remote.HttpCommandExecutor.execute(HttpCommandExecutor.java:191)
at org.openqa.selenium.remote.service.DriverCommandExecutor.invokeExecute(DriverCommandExecutor.java:200)
at org.openqa.selenium.remote.service.DriverCommandExecutor.execute(DriverCommandExecutor.java:175)
at org.openqa.selenium.remote.RemoteWebDriver.execute(RemoteWebDriver.java:523)
at org.openqa.selenium.remote.ElementLocation$ElementFinder$2.findElement(ElementLocation.java:165)
at org.openqa.selenium.remote.ElementLocation.findElement(ElementLocation.java:59)
at org.openqa.selenium.remote.RemoteWebDriver.findElement(RemoteWebDriver.java:360)
at org.openqa.selenium.remote.RemoteWebDriver.findElement(RemoteWebDriver.java:354)
at org.doocti.seleniumbase.SeleniumBase.element(SeleniumBase.java:129)
at org.doocti.AdminTestCase.ConfigurationTest.configTC038(ConfigurationTest.java:349)
at java.base/jdk.internal.reflect.NativeMethodAccessorImpl.invoke0(Native Method)
at java.base/jdk.internal.reflect.NativeMethodAccessorImpl.invoke(NativeMethodAccessorImpl.java:77)
at java.base/jdk.internal.reflect.DelegatingMethodAccessorImpl.invoke(DelegatingMethodAccessorImpl.java:43)
at java.base/java.lang.reflect.Method.invoke(Method.java:568)
at org.testng.internal.MethodInvocationHelper.invokeMethod(MethodInvocationHelper.java:133)
at org.testng.internal.TestInvoker.invokeMethod(TestInvoker.java:598)
at org.testng.internal.TestInvoker.invokeTestMethod(TestInvoker.java:173)
at org.testng.internal.MethodRunner.runInSequence(MethodRunner.java:46)
at org.testng.internal.TestInvoker$MethodInvocationAgent.invoke(TestInvoker.java:824)
at org.testng.internal.TestInvoker.invokeTestMethods(TestInvoker.java:146)
at org.testng.internal.TestMethodWorker.invokeTestMethods(TestMethodWorker.java:146)
at org.testng.internal.TestMethodWorker.run(TestMethodWorker.java:128)
at java.base/java.util.ArrayList.forEach(ArrayList.java:1511)
at org.testng.TestRunner.privateRun(TestRunner.java:794)
at org.testng.TestRunner.run(TestRunner.java:596)
at org.testng.SuiteRunner.runTest(SuiteRunner.java:377)
at org.testng.SuiteRunner.runSequentially(SuiteRunner.java:371)
at org.testng.SuiteRunner.privateRun(SuiteRunner.java:332)
at org.testng.SuiteRunner.run(SuiteRunner.java:276)
at org.testng.SuiteRunnerWorker.runSuite(SuiteRunnerWorker.java:53)
at org.testng.SuiteRunnerWorker.run(SuiteRunnerWorker.java:96)
at org.testng.TestNG.runSuitesSequentially(TestNG.java:1212)
at org.testng.TestNG.runSuitesLocally(TestNG.java:1134)
at org.testng.TestNG.runSuites(TestNG.java:1063)
at org.testng.TestNG.run(TestNG.java:1031)
at org.testng.remote.AbstractRemoteTestNG.run(AbstractRemoteTestNG.java:115)
at org.testng.remote.RemoteTestNG.initAndRun(RemoteTestNG.java:251)
at org.testng.remote.RemoteTestNG.main(RemoteTestNG.java:77)
]]>
    </failure>
  </testcase> <!-- configTC038 -->
  <testcase classname="org.doocti.AdminTestCase.ConfigurationTest" name="configTC020" time="0.0">
    <ignored/>
  </testcase> <!-- configTC020 -->
  <testcase classname="org.doocti.AdminTestCase.ConfigurationTest" name="configTC021" time="0.0">
    <ignored/>
  </testcase> <!-- configTC021 -->
  <testcase classname="org.doocti.AdminTestCase.ConfigurationTest" name="configTC022" time="0.0">
    <ignored/>
  </testcase> <!-- configTC022 -->
  <testcase classname="org.doocti.AdminTestCase.ConfigurationTest" name="configTC017" time="0.0">
    <ignored/>
  </testcase> <!-- configTC017 -->
  <testcase classname="org.doocti.AdminTestCase.ConfigurationTest" name="configTC018" time="0.0">
    <ignored/>
  </testcase> <!-- configTC018 -->
  <testcase classname="org.doocti.AdminTestCase.ConfigurationTest" name="configTC016" time="0.0">
    <ignored/>
  </testcase> <!-- configTC016 -->
  <testcase classname="org.doocti.AdminTestCase.ConfigurationTest" name="configTC035" time="0.0">
    <ignored/>
  </testcase> <!-- configTC035 -->
  <testcase classname="org.doocti.AdminTestCase.ConfigurationTest" name="configTC013" time="0.0">
    <ignored/>
  </testcase> <!-- configTC013 -->
  <testcase classname="org.doocti.AdminTestCase.ConfigurationTest" name="configTC014" time="0.0">
    <ignored/>
  </testcase> <!-- configTC014 -->
  <testcase classname="org.doocti.AdminTestCase.ConfigurationTest" name="configTC036" time="0.0">
    <ignored/>
  </testcase> <!-- configTC036 -->
  <testcase classname="org.doocti.AdminTestCase.ConfigurationTest" name="configTC019" time="0.0">
    <ignored/>
  </testcase> <!-- configTC019 -->
  <testcase classname="org.doocti.AdminTestCase.ConfigurationTest" name="configTC034" time="0.0">
    <ignored/>
  </testcase> <!-- configTC034 -->
  <testcase classname="org.doocti.AdminTestCase.ConfigurationTest" name="configTC012" time="0.0">
    <ignored/>
  </testcase> <!-- configTC012 -->
  <testcase classname="org.doocti.AdminTestCase.ConfigurationTest" name="configTC015" time="0.0">
    <ignored/>
  </testcase> <!-- configTC015 -->
  <testcase classname="org.doocti.AdminTestCase.ConfigurationTest" name="configTC037" time="0.0">
    <ignored/>
  </testcase> <!-- configTC037 -->
  <testcase classname="org.doocti.AdminTestCase.ConfigurationTest" name="configTC031" time="0.0">
    <ignored/>
  </testcase> <!-- configTC031 -->
  <testcase classname="org.doocti.AdminTestCase.ConfigurationTest" name="configTC010" time="0.0">
    <ignored/>
  </testcase> <!-- configTC010 -->
  <testcase classname="org.doocti.AdminTestCase.ConfigurationTest" name="configTC032" time="0.0">
    <ignored/>
  </testcase> <!-- configTC032 -->
  <testcase classname="org.doocti.AdminTestCase.ConfigurationTest" name="configTC030" time="0.0">
    <ignored/>
  </testcase> <!-- configTC030 -->
  <testcase classname="org.doocti.AdminTestCase.ConfigurationTest" name="configTC033" time="0.0">
    <ignored/>
  </testcase> <!-- configTC033 -->
  <testcase classname="org.doocti.AdminTestCase.ConfigurationTest" name="configTC011" time="0.0">
    <ignored/>
  </testcase> <!-- configTC011 -->
  <testcase classname="org.doocti.AdminTestCase.ConfigurationTest" name="configTC028" time="0.0">
    <ignored/>
  </testcase> <!-- configTC028 -->
  <testcase classname="org.doocti.AdminTestCase.ConfigurationTest" name="configTC007" time="0.0">
    <ignored/>
  </testcase> <!-- configTC007 -->
  <testcase classname="org.doocti.AdminTestCase.ConfigurationTest" name="configTC029" time="0.0">
    <ignored/>
  </testcase> <!-- configTC029 -->
  <testcase classname="org.doocti.AdminTestCase.ConfigurationTest" name="configTC027" time="0.0">
    <ignored/>
  </testcase> <!-- configTC027 -->
  <testcase classname="org.doocti.AdminTestCase.ConfigurationTest" name="configTC024" time="0.0">
    <ignored/>
  </testcase> <!-- configTC024 -->
  <testcase classname="org.doocti.AdminTestCase.ConfigurationTest" name="configTC025" time="0.0">
    <ignored/>
  </testcase> <!-- configTC025 -->
  <testcase classname="org.doocti.AdminTestCase.ConfigurationTest" name="configTC008" time="0.0">
    <ignored/>
  </testcase> <!-- configTC008 -->
  <testcase classname="org.doocti.AdminTestCase.ConfigurationTest" name="configTC023" time="0.0">
    <ignored/>
  </testcase> <!-- configTC023 -->
  <testcase classname="org.doocti.AdminTestCase.ConfigurationTest" name="configTC026" time="0.0">
    <ignored/>
  </testcase> <!-- configTC026 -->
  <testcase classname="org.doocti.AdminTestCase.ConfigurationTest" name="configTC009" time="0.0">
    <ignored/>
  </testcase> <!-- configTC009 -->
</testsuite> <!-- Default test -->
