<?xml version="1.0" encoding="UTF-8"?>
<!-- Generated by org.testng.reporters.JUnitXMLReporter -->
<testsuite ignored="1" hostname="DESKTOP-AJNVIH5" failures="1" tests="5" name="CRMTest" time="101.678" errors="0" timestamp="2024-03-21T16:24:17 IST">
  <testcase classname="org.doocti.AdminTestCase.CRMTest" name="crmTC065" time="15.745"/>
  <testcase classname="org.doocti.AdminTestCase.CRMTest" name="crmTC066" time="19.095"/>
  <testcase classname="org.doocti.AdminTestCase.CRMTest" name="crmTC067" time="16.005"/>
  <testcase classname="org.doocti.AdminTestCase.CRMTest" name="crmTC068" time="16.939"/>
  <testcase classname="org.doocti.AdminTestCase.CRMTest" name="crmTC069" time="16.843">
    <failure type="org.openqa.selenium.ElementClickInterceptedException" message="element click intercepted: Element &amp;lt;span&amp;gt;...&amp;lt;/span&amp;gt; is not clickable at point (492, 333). Other element would receive the click: &amp;lt;span class=&amp;quot;v-time-picker-clock__item v-time-picker-clock__item--active&amp;quot; style=&amp;quot;left: 50%; top: 0%;&amp;quot;&amp;gt;...&amp;lt;/span&amp;gt;
  (Session info: chrome=122.0.6261.131)
Build info: version: &amp;apos;4.16.1&amp;apos;, revision: &amp;apos;9b4c83354e&amp;apos;
System info: os.name: &amp;apos;Windows 10&amp;apos;, os.arch: &amp;apos;amd64&amp;apos;, os.version: &amp;apos;10.0&amp;apos;, java.version: &amp;apos;17.0.8.1&amp;apos;
Driver info: org.openqa.selenium.chrome.ChromeDriver
Command: [4f2382302413556cc584c916b00781b0, clickElement {id=f.CFC69C917657433577684E365CC463B8.d.A984B982D8E8A71721A5E04F61DAC9EE.e.482}]
Capabilities {acceptInsecureCerts: false, browserName: chrome, browserVersion: 122.0.6261.131, chrome: {chromedriverVersion: 122.0.6261.128 (f18a44fedeb..., userDataDir: C:\Users\User\AppData\Local...}, fedcm:accounts: true, goog:chromeOptions: {debuggerAddress: localhost:49728}, networkConnectionEnabled: false, pageLoadStrategy: normal, platformName: windows, proxy: Proxy(), se:cdp: ws://localhost:49728/devtoo..., se:cdpVersion: 122.0.6261.131, setWindowRect: true, strictFileInteractability: false, timeouts: {implicit: 0, pageLoad: 300000, script: 30000}, unhandledPromptBehavior: dismiss and notify, webauthn:extension:credBlob: true, webauthn:extension:largeBlob: true, webauthn:extension:minPinLength: true, webauthn:extension:prf: true, webauthn:virtualAuthenticators: true}
Element: [[ChromeDriver: chrome on windows (4f2382302413556cc584c916b00781b0)] -&amp;gt; xpath: //span[text()=&amp;apos;0&amp;apos;]]
Session ID: 4f2382302413556cc584c916b00781b0">
      <![CDATA[org.openqa.selenium.ElementClickInterceptedException: element click intercepted: Element <span>...</span> is not clickable at point (492, 333). Other element would receive the click: <span class="v-time-picker-clock__item v-time-picker-clock__item--active" style="left: 50%; top: 0%;">...</span>
  (Session info: chrome=122.0.6261.131)
Build info: version: '4.16.1', revision: '9b4c83354e'
System info: os.name: 'Windows 10', os.arch: 'amd64', os.version: '10.0', java.version: '17.0.8.1'
Driver info: org.openqa.selenium.chrome.ChromeDriver
Command: [4f2382302413556cc584c916b00781b0, clickElement {id=f.CFC69C917657433577684E365CC463B8.d.A984B982D8E8A71721A5E04F61DAC9EE.e.482}]
Capabilities {acceptInsecureCerts: false, browserName: chrome, browserVersion: 122.0.6261.131, chrome: {chromedriverVersion: 122.0.6261.128 (f18a44fedeb..., userDataDir: C:\Users\User\AppData\Local...}, fedcm:accounts: true, goog:chromeOptions: {debuggerAddress: localhost:49728}, networkConnectionEnabled: false, pageLoadStrategy: normal, platformName: windows, proxy: Proxy(), se:cdp: ws://localhost:49728/devtoo..., se:cdpVersion: 122.0.6261.131, setWindowRect: true, strictFileInteractability: false, timeouts: {implicit: 0, pageLoad: 300000, script: 30000}, unhandledPromptBehavior: dismiss and notify, webauthn:extension:credBlob: true, webauthn:extension:largeBlob: true, webauthn:extension:minPinLength: true, webauthn:extension:prf: true, webauthn:virtualAuthenticators: true}
Element: [[ChromeDriver: chrome on windows (4f2382302413556cc584c916b00781b0)] -> xpath: //span[text()='0']]
Session ID: 4f2382302413556cc584c916b00781b0
at org.openqa.selenium.remote.codec.w3c.W3CHttpResponseCodec.createException(W3CHttpResponseCodec.java:200)
at org.openqa.selenium.remote.codec.w3c.W3CHttpResponseCodec.decode(W3CHttpResponseCodec.java:133)
at org.openqa.selenium.remote.codec.w3c.W3CHttpResponseCodec.decode(W3CHttpResponseCodec.java:52)
at org.openqa.selenium.remote.HttpCommandExecutor.execute(HttpCommandExecutor.java:191)
at org.openqa.selenium.remote.service.DriverCommandExecutor.invokeExecute(DriverCommandExecutor.java:200)
at org.openqa.selenium.remote.service.DriverCommandExecutor.execute(DriverCommandExecutor.java:175)
at org.openqa.selenium.remote.RemoteWebDriver.execute(RemoteWebDriver.java:523)
at org.openqa.selenium.remote.RemoteWebElement.execute(RemoteWebElement.java:224)
at org.openqa.selenium.remote.RemoteWebElement.click(RemoteWebElement.java:77)
at org.doocti.seleniumbase.SeleniumBase.click(SeleniumBase.java:227)
at org.doocti.AdminTestCase.CRMTest.crmTC069(CRMTest.java:233)
at java.base/java.util.ArrayList.forEach(ArrayList.java:1511)
... Removed 32 stack frames]]>
    </failure>
  </testcase> <!-- crmTC069 -->
  <testcase classname="org.doocti.AdminTestCase.CRMTest" name="crmTC070" time="0.0">
    <ignored/>
  </testcase> <!-- crmTC070 -->
</testsuite> <!-- CRMTest -->
